[2026-04-06 09:21:43] local.ERROR: Cannot declare class App\Console\Commands\PayingOwners, because the name is already in use {"exception":"[object] (Symfony\\Component\\ErrorHandler\\Error\\FatalError(code: 0): Cannot declare class App\\Console\\Commands\\PayingOwners, because the name is already in use at /home/ecyberco/domains/lipakodi.ecyber.co.ke/public_html/rms/app/Console/Commands/PayOwners.php:15)
[stacktrace]
#0 {main}
"} 
[2026-04-06 09:21:43] local.ERROR: Cannot declare class App\Console\Commands\PayingOwners, because the name is already in use {"exception":"[object] (Symfony\\Component\\ErrorHandler\\Error\\FatalError(code: 0): Cannot declare class App\\Console\\Commands\\PayingOwners, because the name is already in use at /home/ecyberco/domains/lipakodi.ecyber.co.ke/public_html/rms/app/Console/Commands/PayOwners.php:15)
[stacktrace]
#0 {main}
"} 
[2026-04-06 09:23:56] local.ERROR: Cannot declare class App\Console\Commands\PayingOwners, because the name is already in use {"exception":"[object] (Symfony\\Component\\ErrorHandler\\Error\\FatalError(code: 0): Cannot declare class App\\Console\\Commands\\PayingOwners, because the name is already in use at /home/ecyberco/domains/lipakodi.ecyber.co.ke/public_html/rms/app/Console/Commands/PayOwners.php:15)
[stacktrace]
#0 {main}
"} 
[2026-04-06 09:23:56] local.ERROR: Cannot declare class App\Console\Commands\PayingOwners, because the name is already in use {"exception":"[object] (Symfony\\Component\\ErrorHandler\\Error\\FatalError(code: 0): Cannot declare class App\\Console\\Commands\\PayingOwners, because the name is already in use at /home/ecyberco/domains/lipakodi.ecyber.co.ke/public_html/rms/app/Console/Commands/PayOwners.php:15)
[stacktrace]
#0 {main}
"} 
[2026-04-06 09:25:12] local.ERROR: STK Push Error {"message":"Route [mpesa.stk.callback] not defined.","invoice_id":"1","trace":"#0 /home/ecyberco/domains/lipakodi.ecyber.co.ke/public_html/rms/vendor/laravel/framework/src/Illuminate/Foundation/helpers.php(870): Illuminate\\Routing\\UrlGenerator->route()
#1 /home/ecyberco/domains/lipakodi.ecyber.co.ke/public_html/rms/app/Http/Controllers/MpesaController.php(205): route()
#2 /home/ecyberco/domains/lipakodi.ecyber.co.ke/public_html/rms/vendor/laravel/framework/src/Illuminate/Routing/Controller.php(54): App\\Http\\Controllers\\MpesaController->stkPush()
#3 /home/ecyberco/domains/lipakodi.ecyber.co.ke/public_html/rms/vendor/laravel/framework/src/Illuminate/Routing/ControllerDispatcher.php(43): Illuminate\\Routing\\Controller->callAction()
#4 /home/ecyberco/domains/lipakodi.ecyber.co.ke/public_html/rms/vendor/laravel/framework/src/Illuminate/Routing/Route.php(265): Illuminate\\Routing\\ControllerDispatcher->dispatch()
#5 /home/ecyberco/domains/lipakodi.ecyber.co.ke/public_html/rms/vendor/laravel/framework/src/Illuminate/Routing/Route.php(211): Illuminate\\Routing\\Route->runController()
#6 /home/ecyberco/domains/lipakodi.ecyber.co.ke/public_html/rms/vendor/laravel/framework/src/Illuminate/Routing/Router.php(822): Illuminate\\Routing\\Route->run()
#7 /home/ecyberco/domains/lipakodi.ecyber.co.ke/public_html/rms/vendor/laravel/framework/src/Illuminate/Pipeline/Pipeline.php(180): Illuminate\\Routing\\Router->Illuminate\\Routing\\{closure}()
#8 /home/ecyberco/domains/lipakodi.ecyber.co.ke/public_html/rms/vendor/laravel/framework/src/Illuminate/Routing/Middleware/SubstituteBindings.php(50): Illuminate\\Pipeline\\Pipeline->Illuminate\\Pipeline\\{closure}()
#9 /home/ecyberco/domains/lipakodi.ecyber.co.ke/public_html/rms/vendor/laravel/framework/src/Illuminate/Pipeline/Pipeline.php(219): Illuminate\\Routing\\Middleware\\SubstituteBindings->handle()
#10 /home/ecyberco/domains/lipakodi.ecyber.co.ke/public_html/rms/vendor/laravel/framework/src/Illuminate/Foundation/Http/Middleware/VerifyCsrfToken.php(87): Illuminate\\Pipeline\\Pipeline->Illuminate\\Pipeline\\{closure}()
#11 /home/ecyberco/domains/lipakodi.ecyber.co.ke/public_html/rms/vendor/laravel/framework/src/Illuminate/Pipeline/Pipeline.php(219): Illuminate\\Foundation\\Http\\Middleware\\VerifyCsrfToken->handle()
#12 /home/ecyberco/domains/lipakodi.ecyber.co.ke/public_html/rms/vendor/laravel/framework/src/Illuminate/View/Middleware/ShareErrorsFromSession.php(48): Illuminate\\Pipeline\\Pipeline->Illuminate\\Pipeline\\{closure}()
#13 /home/ecyberco/domains/lipakodi.ecyber.co.ke/public_html/rms/vendor/laravel/framework/src/Illuminate/Pipeline/Pipeline.php(219): Illuminate\\View\\Middleware\\ShareErrorsFromSession->handle()
#14 /home/ecyberco/domains/lipakodi.ecyber.co.ke/public_html/rms/vendor/laravel/framework/src/Illuminate/Session/Middleware/StartSession.php(120): Illuminate\\Pipeline\\Pipeline->Illuminate\\Pipeline\\{closure}()
#15 /home/ecyberco/domains/lipakodi.ecyber.co.ke/public_html/rms/vendor/laravel/framework/src/Illuminate/Session/Middleware/StartSession.php(63): Illuminate\\Session\\Middleware\\StartSession->handleStatefulRequest()
#16 /home/ecyberco/domains/lipakodi.ecyber.co.ke/public_html/rms/vendor/laravel/framework/src/Illuminate/Pipeline/Pipeline.php(219): Illuminate\\Session\\Middleware\\StartSession->handle()
#17 /home/ecyberco/domains/lipakodi.ecyber.co.ke/public_html/rms/vendor/laravel/framework/src/Illuminate/Cookie/Middleware/AddQueuedCookiesToResponse.php(36): Illuminate\\Pipeline\\Pipeline->Illuminate\\Pipeline\\{closure}()
#18 /home/ecyberco/domains/lipakodi.ecyber.co.ke/public_html/rms/vendor/laravel/framework/src/Illuminate/Pipeline/Pipeline.php(219): Illuminate\\Cookie\\Middleware\\AddQueuedCookiesToResponse->handle()
#19 /home/ecyberco/domains/lipakodi.ecyber.co.ke/public_html/rms/vendor/laravel/framework/src/Illuminate/Cookie/Middleware/EncryptCookies.php(74): Illuminate\\Pipeline\\Pipeline->Illuminate\\Pipeline\\{closure}()
#20 /home/ecyberco/domains/lipakodi.ecyber.co.ke/public_html/rms/vendor/laravel/framework/src/Illuminate/Pipeline/Pipeline.php(219): Illuminate\\Cookie\\Middleware\\EncryptCookies->handle()
#21 /home/ecyberco/domains/lipakodi.ecyber.co.ke/public_html/rms/vendor/laravel/framework/src/Illuminate/Pipeline/Pipeline.php(137): Illuminate\\Pipeline\\Pipeline->Illuminate\\Pipeline\\{closure}()
#22 /home/ecyberco/domains/lipakodi.ecyber.co.ke/public_html/rms/vendor/laravel/framework/src/Illuminate/Routing/Router.php(821): Illuminate\\Pipeline\\Pipeline->then()
#23 /home/ecyberco/domains/lipakodi.ecyber.co.ke/public_html/rms/vendor/laravel/framework/src/Illuminate/Routing/Router.php(800): Illuminate\\Routing\\Router->runRouteWithinStack()
#24 /home/ecyberco/domains/lipakodi.ecyber.co.ke/public_html/rms/vendor/laravel/framework/src/Illuminate/Routing/Router.php(764): Illuminate\\Routing\\Router->runRoute()
#25 /home/ecyberco/domains/lipakodi.ecyber.co.ke/public_html/rms/vendor/laravel/framework/src/Illuminate/Routing/Router.php(753): Illuminate\\Routing\\Router->dispatchToRoute()
#26 /home/ecyberco/domains/lipakodi.ecyber.co.ke/public_html/rms/vendor/laravel/framework/src/Illuminate/Foundation/Http/Kernel.php(200): Illuminate\\Routing\\Router->dispatch()
#27 /home/ecyberco/domains/lipakodi.ecyber.co.ke/public_html/rms/vendor/laravel/framework/src/Illuminate/Pipeline/Pipeline.php(180): Illuminate\\Foundation\\Http\\Kernel->Illuminate\\Foundation\\Http\\{closure}()
#28 /home/ecyberco/domains/lipakodi.ecyber.co.ke/public_html/rms/app/Http/Middleware/OrgScopeMiddleware.php(17): Illuminate\\Pipeline\\Pipeline->Illuminate\\Pipeline\\{closure}()
#29 /home/ecyberco/domains/lipakodi.ecyber.co.ke/public_html/rms/vendor/laravel/framework/src/Illuminate/Pipeline/Pipeline.php(219): App\\Http\\Middleware\\OrgScopeMiddleware->handle()
#30 /home/ecyberco/domains/lipakodi.ecyber.co.ke/public_html/rms/app/Http/Middleware/SubdomainMiddleware.php(81): Illuminate\\Pipeline\\Pipeline->Illuminate\\Pipeline\\{closure}()
#31 /home/ecyberco/domains/lipakodi.ecyber.co.ke/public_html/rms/vendor/laravel/framework/src/Illuminate/Pipeline/Pipeline.php(219): App\\Http\\Middleware\\SubdomainMiddleware->handle()
#32 /home/ecyberco/domains/lipakodi.ecyber.co.ke/public_html/rms/vendor/laravel/framework/src/Illuminate/Http/Middleware/TrustProxies.php(58): Illuminate\\Pipeline\\Pipeline->Illuminate\\Pipeline\\{closure}()
#33 /home/ecyberco/domains/lipakodi.ecyber.co.ke/public_html/rms/vendor/laravel/framework/src/Illuminate/Pipeline/Pipeline.php(219): Illuminate\\Http\\Middleware\\TrustProxies->handle()
#34 /home/ecyberco/domains/lipakodi.ecyber.co.ke/public_html/rms/vendor/laravel/framework/src/Illuminate/Foundation/Http/Middleware/TransformsRequest.php(21): Illuminate\\Pipeline\\Pipeline->Illuminate\\Pipeline\\{closure}()
#35 /home/ecyberco/domains/lipakodi.ecyber.co.ke/public_html/rms/vendor/laravel/framework/src/Illuminate/Foundation/Http/Middleware/ConvertEmptyStringsToNull.php(31): Illuminate\\Foundation\\Http\\Middleware\\TransformsRequest->handle()
#36 /home/ecyberco/domains/lipakodi.ecyber.co.ke/public_html/rms/vendor/laravel/framework/src/Illuminate/Pipeline/Pipeline.php(219): Illuminate\\Foundation\\Http\\Middleware\\ConvertEmptyStringsToNull->handle()
#37 /home/ecyberco/domains/lipakodi.ecyber.co.ke/public_html/rms/vendor/laravel/framework/src/Illuminate/Foundation/Http/Middleware/TransformsRequest.php(21): Illuminate\\Pipeline\\Pipeline->Illuminate\\Pipeline\\{closure}()
#38 /home/ecyberco/domains/lipakodi.ecyber.co.ke/public_html/rms/vendor/laravel/framework/src/Illuminate/Foundation/Http/Middleware/TrimStrings.php(51): Illuminate\\Foundation\\Http\\Middleware\\TransformsRequest->handle()
#39 /home/ecyberco/domains/lipakodi.ecyber.co.ke/public_html/rms/vendor/laravel/framework/src/Illuminate/Pipeline/Pipeline.php(219): Illuminate\\Foundation\\Http\\Middleware\\TrimStrings->handle()
#40 /home/ecyberco/domains/lipakodi.ecyber.co.ke/public_html/rms/vendor/laravel/framework/src/Illuminate/Http/Middleware/ValidatePostSize.php(27): Illuminate\\Pipeline\\Pipeline->Illuminate\\Pipeline\\{closure}()
#41 /home/ecyberco/domains/lipakodi.ecyber.co.ke/public_html/rms/vendor/laravel/framework/src/Illuminate/Pipeline/Pipeline.php(219): Illuminate\\Http\\Middleware\\ValidatePostSize->handle()
#42 /home/ecyberco/domains/lipakodi.ecyber.co.ke/public_html/rms/vendor/laravel/framework/src/Illuminate/Foundation/Http/Middleware/PreventRequestsDuringMaintenance.php(109): Illuminate\\Pipeline\\Pipeline->Illuminate\\Pipeline\\{closure}()
#43 /home/ecyberco/domains/lipakodi.ecyber.co.ke/public_html/rms/vendor/laravel/framework/src/Illuminate/Pipeline/Pipeline.php(219): Illuminate\\Foundation\\Http\\Middleware\\PreventRequestsDuringMaintenance->handle()
#44 /home/ecyberco/domains/lipakodi.ecyber.co.ke/public_html/rms/vendor/laravel/framework/src/Illuminate/Pipeline/Pipeline.php(137): Illuminate\\Pipeline\\Pipeline->Illuminate\\Pipeline\\{closure}()
#45 /home/ecyberco/domains/lipakodi.ecyber.co.ke/public_html/rms/vendor/laravel/framework/src/Illuminate/Foundation/Http/Kernel.php(175): Illuminate\\Pipeline\\Pipeline->then()
#46 /home/ecyberco/domains/lipakodi.ecyber.co.ke/public_html/rms/vendor/laravel/framework/src/Illuminate/Foundation/Http/Kernel.php(144): Illuminate\\Foundation\\Http\\Kernel->sendRequestThroughRouter()
#47 /home/ecyberco/domains/lipakodi.ecyber.co.ke/public_html/rms/public/index.php(36): Illuminate\\Foundation\\Http\\Kernel->handle()
#48 {main}"} 
[2026-04-06 09:25:14] local.ERROR: STK Push Error {"message":"Route [mpesa.stk.callback] not defined.","invoice_id":"1","trace":"#0 /home/ecyberco/domains/lipakodi.ecyber.co.ke/public_html/rms/vendor/laravel/framework/src/Illuminate/Foundation/helpers.php(870): Illuminate\\Routing\\UrlGenerator->route()
#1 /home/ecyberco/domains/lipakodi.ecyber.co.ke/public_html/rms/app/Http/Controllers/MpesaController.php(205): route()
#2 /home/ecyberco/domains/lipakodi.ecyber.co.ke/public_html/rms/vendor/laravel/framework/src/Illuminate/Routing/Controller.php(54): App\\Http\\Controllers\\MpesaController->stkPush()
#3 /home/ecyberco/domains/lipakodi.ecyber.co.ke/public_html/rms/vendor/laravel/framework/src/Illuminate/Routing/ControllerDispatcher.php(43): Illuminate\\Routing\\Controller->callAction()
#4 /home/ecyberco/domains/lipakodi.ecyber.co.ke/public_html/rms/vendor/laravel/framework/src/Illuminate/Routing/Route.php(265): Illuminate\\Routing\\ControllerDispatcher->dispatch()
#5 /home/ecyberco/domains/lipakodi.ecyber.co.ke/public_html/rms/vendor/laravel/framework/src/Illuminate/Routing/Route.php(211): Illuminate\\Routing\\Route->runController()
#6 /home/ecyberco/domains/lipakodi.ecyber.co.ke/public_html/rms/vendor/laravel/framework/src/Illuminate/Routing/Router.php(822): Illuminate\\Routing\\Route->run()
#7 /home/ecyberco/domains/lipakodi.ecyber.co.ke/public_html/rms/vendor/laravel/framework/src/Illuminate/Pipeline/Pipeline.php(180): Illuminate\\Routing\\Router->Illuminate\\Routing\\{closure}()
#8 /home/ecyberco/domains/lipakodi.ecyber.co.ke/public_html/rms/vendor/laravel/framework/src/Illuminate/Routing/Middleware/SubstituteBindings.php(50): Illuminate\\Pipeline\\Pipeline->Illuminate\\Pipeline\\{closure}()
#9 /home/ecyberco/domains/lipakodi.ecyber.co.ke/public_html/rms/vendor/laravel/framework/src/Illuminate/Pipeline/Pipeline.php(219): Illuminate\\Routing\\Middleware\\SubstituteBindings->handle()
#10 /home/ecyberco/domains/lipakodi.ecyber.co.ke/public_html/rms/vendor/laravel/framework/src/Illuminate/Foundation/Http/Middleware/VerifyCsrfToken.php(87): Illuminate\\Pipeline\\Pipeline->Illuminate\\Pipeline\\{closure}()
#11 /home/ecyberco/domains/lipakodi.ecyber.co.ke/public_html/rms/vendor/laravel/framework/src/Illuminate/Pipeline/Pipeline.php(219): Illuminate\\Foundation\\Http\\Middleware\\VerifyCsrfToken->handle()
#12 /home/ecyberco/domains/lipakodi.ecyber.co.ke/public_html/rms/vendor/laravel/framework/src/Illuminate/View/Middleware/ShareErrorsFromSession.php(48): Illuminate\\Pipeline\\Pipeline->Illuminate\\Pipeline\\{closure}()
#13 /home/ecyberco/domains/lipakodi.ecyber.co.ke/public_html/rms/vendor/laravel/framework/src/Illuminate/Pipeline/Pipeline.php(219): Illuminate\\View\\Middleware\\ShareErrorsFromSession->handle()
#14 /home/ecyberco/domains/lipakodi.ecyber.co.ke/public_html/rms/vendor/laravel/framework/src/Illuminate/Session/Middleware/StartSession.php(120): Illuminate\\Pipeline\\Pipeline->Illuminate\\Pipeline\\{closure}()
#15 /home/ecyberco/domains/lipakodi.ecyber.co.ke/public_html/rms/vendor/laravel/framework/src/Illuminate/Session/Middleware/StartSession.php(63): Illuminate\\Session\\Middleware\\StartSession->handleStatefulRequest()
#16 /home/ecyberco/domains/lipakodi.ecyber.co.ke/public_html/rms/vendor/laravel/framework/src/Illuminate/Pipeline/Pipeline.php(219): Illuminate\\Session\\Middleware\\StartSession->handle()
#17 /home/ecyberco/domains/lipakodi.ecyber.co.ke/public_html/rms/vendor/laravel/framework/src/Illuminate/Cookie/Middleware/AddQueuedCookiesToResponse.php(36): Illuminate\\Pipeline\\Pipeline->Illuminate\\Pipeline\\{closure}()
#18 /home/ecyberco/domains/lipakodi.ecyber.co.ke/public_html/rms/vendor/laravel/framework/src/Illuminate/Pipeline/Pipeline.php(219): Illuminate\\Cookie\\Middleware\\AddQueuedCookiesToResponse->handle()
#19 /home/ecyberco/domains/lipakodi.ecyber.co.ke/public_html/rms/vendor/laravel/framework/src/Illuminate/Cookie/Middleware/EncryptCookies.php(74): Illuminate\\Pipeline\\Pipeline->Illuminate\\Pipeline\\{closure}()
#20 /home/ecyberco/domains/lipakodi.ecyber.co.ke/public_html/rms/vendor/laravel/framework/src/Illuminate/Pipeline/Pipeline.php(219): Illuminate\\Cookie\\Middleware\\EncryptCookies->handle()
#21 /home/ecyberco/domains/lipakodi.ecyber.co.ke/public_html/rms/vendor/laravel/framework/src/Illuminate/Pipeline/Pipeline.php(137): Illuminate\\Pipeline\\Pipeline->Illuminate\\Pipeline\\{closure}()
#22 /home/ecyberco/domains/lipakodi.ecyber.co.ke/public_html/rms/vendor/laravel/framework/src/Illuminate/Routing/Router.php(821): Illuminate\\Pipeline\\Pipeline->then()
#23 /home/ecyberco/domains/lipakodi.ecyber.co.ke/public_html/rms/vendor/laravel/framework/src/Illuminate/Routing/Router.php(800): Illuminate\\Routing\\Router->runRouteWithinStack()
#24 /home/ecyberco/domains/lipakodi.ecyber.co.ke/public_html/rms/vendor/laravel/framework/src/Illuminate/Routing/Router.php(764): Illuminate\\Routing\\Router->runRoute()
#25 /home/ecyberco/domains/lipakodi.ecyber.co.ke/public_html/rms/vendor/laravel/framework/src/Illuminate/Routing/Router.php(753): Illuminate\\Routing\\Router->dispatchToRoute()
#26 /home/ecyberco/domains/lipakodi.ecyber.co.ke/public_html/rms/vendor/laravel/framework/src/Illuminate/Foundation/Http/Kernel.php(200): Illuminate\\Routing\\Router->dispatch()
#27 /home/ecyberco/domains/lipakodi.ecyber.co.ke/public_html/rms/vendor/laravel/framework/src/Illuminate/Pipeline/Pipeline.php(180): Illuminate\\Foundation\\Http\\Kernel->Illuminate\\Foundation\\Http\\{closure}()
#28 /home/ecyberco/domains/lipakodi.ecyber.co.ke/public_html/rms/app/Http/Middleware/OrgScopeMiddleware.php(17): Illuminate\\Pipeline\\Pipeline->Illuminate\\Pipeline\\{closure}()
#29 /home/ecyberco/domains/lipakodi.ecyber.co.ke/public_html/rms/vendor/laravel/framework/src/Illuminate/Pipeline/Pipeline.php(219): App\\Http\\Middleware\\OrgScopeMiddleware->handle()
#30 /home/ecyberco/domains/lipakodi.ecyber.co.ke/public_html/rms/app/Http/Middleware/SubdomainMiddleware.php(81): Illuminate\\Pipeline\\Pipeline->Illuminate\\Pipeline\\{closure}()
#31 /home/ecyberco/domains/lipakodi.ecyber.co.ke/public_html/rms/vendor/laravel/framework/src/Illuminate/Pipeline/Pipeline.php(219): App\\Http\\Middleware\\SubdomainMiddleware->handle()
#32 /home/ecyberco/domains/lipakodi.ecyber.co.ke/public_html/rms/vendor/laravel/framework/src/Illuminate/Http/Middleware/TrustProxies.php(58): Illuminate\\Pipeline\\Pipeline->Illuminate\\Pipeline\\{closure}()
#33 /home/ecyberco/domains/lipakodi.ecyber.co.ke/public_html/rms/vendor/laravel/framework/src/Illuminate/Pipeline/Pipeline.php(219): Illuminate\\Http\\Middleware\\TrustProxies->handle()
#34 /home/ecyberco/domains/lipakodi.ecyber.co.ke/public_html/rms/vendor/laravel/framework/src/Illuminate/Foundation/Http/Middleware/TransformsRequest.php(21): Illuminate\\Pipeline\\Pipeline->Illuminate\\Pipeline\\{closure}()
#35 /home/ecyberco/domains/lipakodi.ecyber.co.ke/public_html/rms/vendor/laravel/framework/src/Illuminate/Foundation/Http/Middleware/ConvertEmptyStringsToNull.php(31): Illuminate\\Foundation\\Http\\Middleware\\TransformsRequest->handle()
#36 /home/ecyberco/domains/lipakodi.ecyber.co.ke/public_html/rms/vendor/laravel/framework/src/Illuminate/Pipeline/Pipeline.php(219): Illuminate\\Foundation\\Http\\Middleware\\ConvertEmptyStringsToNull->handle()
#37 /home/ecyberco/domains/lipakodi.ecyber.co.ke/public_html/rms/vendor/laravel/framework/src/Illuminate/Foundation/Http/Middleware/TransformsRequest.php(21): Illuminate\\Pipeline\\Pipeline->Illuminate\\Pipeline\\{closure}()
#38 /home/ecyberco/domains/lipakodi.ecyber.co.ke/public_html/rms/vendor/laravel/framework/src/Illuminate/Foundation/Http/Middleware/TrimStrings.php(51): Illuminate\\Foundation\\Http\\Middleware\\TransformsRequest->handle()
#39 /home/ecyberco/domains/lipakodi.ecyber.co.ke/public_html/rms/vendor/laravel/framework/src/Illuminate/Pipeline/Pipeline.php(219): Illuminate\\Foundation\\Http\\Middleware\\TrimStrings->handle()
#40 /home/ecyberco/domains/lipakodi.ecyber.co.ke/public_html/rms/vendor/laravel/framework/src/Illuminate/Http/Middleware/ValidatePostSize.php(27): Illuminate\\Pipeline\\Pipeline->Illuminate\\Pipeline\\{closure}()
#41 /home/ecyberco/domains/lipakodi.ecyber.co.ke/public_html/rms/vendor/laravel/framework/src/Illuminate/Pipeline/Pipeline.php(219): Illuminate\\Http\\Middleware\\ValidatePostSize->handle()
#42 /home/ecyberco/domains/lipakodi.ecyber.co.ke/public_html/rms/vendor/laravel/framework/src/Illuminate/Foundation/Http/Middleware/PreventRequestsDuringMaintenance.php(109): Illuminate\\Pipeline\\Pipeline->Illuminate\\Pipeline\\{closure}()
#43 /home/ecyberco/domains/lipakodi.ecyber.co.ke/public_html/rms/vendor/laravel/framework/src/Illuminate/Pipeline/Pipeline.php(219): Illuminate\\Foundation\\Http\\Middleware\\PreventRequestsDuringMaintenance->handle()
#44 /home/ecyberco/domains/lipakodi.ecyber.co.ke/public_html/rms/vendor/laravel/framework/src/Illuminate/Pipeline/Pipeline.php(137): Illuminate\\Pipeline\\Pipeline->Illuminate\\Pipeline\\{closure}()
#45 /home/ecyberco/domains/lipakodi.ecyber.co.ke/public_html/rms/vendor/laravel/framework/src/Illuminate/Foundation/Http/Kernel.php(175): Illuminate\\Pipeline\\Pipeline->then()
#46 /home/ecyberco/domains/lipakodi.ecyber.co.ke/public_html/rms/vendor/laravel/framework/src/Illuminate/Foundation/Http/Kernel.php(144): Illuminate\\Foundation\\Http\\Kernel->sendRequestThroughRouter()
#47 /home/ecyberco/domains/lipakodi.ecyber.co.ke/public_html/rms/public/index.php(36): Illuminate\\Foundation\\Http\\Kernel->handle()
#48 {main}"} 
[2026-04-06 09:25:16] local.ERROR: STK Push Error {"message":"Route [mpesa.stk.callback] not defined.","invoice_id":"1","trace":"#0 /home/ecyberco/domains/lipakodi.ecyber.co.ke/public_html/rms/vendor/laravel/framework/src/Illuminate/Foundation/helpers.php(870): Illuminate\\Routing\\UrlGenerator->route()
#1 /home/ecyberco/domains/lipakodi.ecyber.co.ke/public_html/rms/app/Http/Controllers/MpesaController.php(205): route()
#2 /home/ecyberco/domains/lipakodi.ecyber.co.ke/public_html/rms/vendor/laravel/framework/src/Illuminate/Routing/Controller.php(54): App\\Http\\Controllers\\MpesaController->stkPush()
#3 /home/ecyberco/domains/lipakodi.ecyber.co.ke/public_html/rms/vendor/laravel/framework/src/Illuminate/Routing/ControllerDispatcher.php(43): Illuminate\\Routing\\Controller->callAction()
#4 /home/ecyberco/domains/lipakodi.ecyber.co.ke/public_html/rms/vendor/laravel/framework/src/Illuminate/Routing/Route.php(265): Illuminate\\Routing\\ControllerDispatcher->dispatch()
#5 /home/ecyberco/domains/lipakodi.ecyber.co.ke/public_html/rms/vendor/laravel/framework/src/Illuminate/Routing/Route.php(211): Illuminate\\Routing\\Route->runController()
#6 /home/ecyberco/domains/lipakodi.ecyber.co.ke/public_html/rms/vendor/laravel/framework/src/Illuminate/Routing/Router.php(822): Illuminate\\Routing\\Route->run()
#7 /home/ecyberco/domains/lipakodi.ecyber.co.ke/public_html/rms/vendor/laravel/framework/src/Illuminate/Pipeline/Pipeline.php(180): Illuminate\\Routing\\Router->Illuminate\\Routing\\{closure}()
#8 /home/ecyberco/domains/lipakodi.ecyber.co.ke/public_html/rms/vendor/laravel/framework/src/Illuminate/Routing/Middleware/SubstituteBindings.php(50): Illuminate\\Pipeline\\Pipeline->Illuminate\\Pipeline\\{closure}()
#9 /home/ecyberco/domains/lipakodi.ecyber.co.ke/public_html/rms/vendor/laravel/framework/src/Illuminate/Pipeline/Pipeline.php(219): Illuminate\\Routing\\Middleware\\SubstituteBindings->handle()
#10 /home/ecyberco/domains/lipakodi.ecyber.co.ke/public_html/rms/vendor/laravel/framework/src/Illuminate/Foundation/Http/Middleware/VerifyCsrfToken.php(87): Illuminate\\Pipeline\\Pipeline->Illuminate\\Pipeline\\{closure}()
#11 /home/ecyberco/domains/lipakodi.ecyber.co.ke/public_html/rms/vendor/laravel/framework/src/Illuminate/Pipeline/Pipeline.php(219): Illuminate\\Foundation\\Http\\Middleware\\VerifyCsrfToken->handle()
#12 /home/ecyberco/domains/lipakodi.ecyber.co.ke/public_html/rms/vendor/laravel/framework/src/Illuminate/View/Middleware/ShareErrorsFromSession.php(48): Illuminate\\Pipeline\\Pipeline->Illuminate\\Pipeline\\{closure}()
#13 /home/ecyberco/domains/lipakodi.ecyber.co.ke/public_html/rms/vendor/laravel/framework/src/Illuminate/Pipeline/Pipeline.php(219): Illuminate\\View\\Middleware\\ShareErrorsFromSession->handle()
#14 /home/ecyberco/domains/lipakodi.ecyber.co.ke/public_html/rms/vendor/laravel/framework/src/Illuminate/Session/Middleware/StartSession.php(120): Illuminate\\Pipeline\\Pipeline->Illuminate\\Pipeline\\{closure}()
#15 /home/ecyberco/domains/lipakodi.ecyber.co.ke/public_html/rms/vendor/laravel/framework/src/Illuminate/Session/Middleware/StartSession.php(63): Illuminate\\Session\\Middleware\\StartSession->handleStatefulRequest()
#16 /home/ecyberco/domains/lipakodi.ecyber.co.ke/public_html/rms/vendor/laravel/framework/src/Illuminate/Pipeline/Pipeline.php(219): Illuminate\\Session\\Middleware\\StartSession->handle()
#17 /home/ecyberco/domains/lipakodi.ecyber.co.ke/public_html/rms/vendor/laravel/framework/src/Illuminate/Cookie/Middleware/AddQueuedCookiesToResponse.php(36): Illuminate\\Pipeline\\Pipeline->Illuminate\\Pipeline\\{closure}()
#18 /home/ecyberco/domains/lipakodi.ecyber.co.ke/public_html/rms/vendor/laravel/framework/src/Illuminate/Pipeline/Pipeline.php(219): Illuminate\\Cookie\\Middleware\\AddQueuedCookiesToResponse->handle()
#19 /home/ecyberco/domains/lipakodi.ecyber.co.ke/public_html/rms/vendor/laravel/framework/src/Illuminate/Cookie/Middleware/EncryptCookies.php(74): Illuminate\\Pipeline\\Pipeline->Illuminate\\Pipeline\\{closure}()
#20 /home/ecyberco/domains/lipakodi.ecyber.co.ke/public_html/rms/vendor/laravel/framework/src/Illuminate/Pipeline/Pipeline.php(219): Illuminate\\Cookie\\Middleware\\EncryptCookies->handle()
#21 /home/ecyberco/domains/lipakodi.ecyber.co.ke/public_html/rms/vendor/laravel/framework/src/Illuminate/Pipeline/Pipeline.php(137): Illuminate\\Pipeline\\Pipeline->Illuminate\\Pipeline\\{closure}()
#22 /home/ecyberco/domains/lipakodi.ecyber.co.ke/public_html/rms/vendor/laravel/framework/src/Illuminate/Routing/Router.php(821): Illuminate\\Pipeline\\Pipeline->then()
#23 /home/ecyberco/domains/lipakodi.ecyber.co.ke/public_html/rms/vendor/laravel/framework/src/Illuminate/Routing/Router.php(800): Illuminate\\Routing\\Router->runRouteWithinStack()
#24 /home/ecyberco/domains/lipakodi.ecyber.co.ke/public_html/rms/vendor/laravel/framework/src/Illuminate/Routing/Router.php(764): Illuminate\\Routing\\Router->runRoute()
#25 /home/ecyberco/domains/lipakodi.ecyber.co.ke/public_html/rms/vendor/laravel/framework/src/Illuminate/Routing/Router.php(753): Illuminate\\Routing\\Router->dispatchToRoute()
#26 /home/ecyberco/domains/lipakodi.ecyber.co.ke/public_html/rms/vendor/laravel/framework/src/Illuminate/Foundation/Http/Kernel.php(200): Illuminate\\Routing\\Router->dispatch()
#27 /home/ecyberco/domains/lipakodi.ecyber.co.ke/public_html/rms/vendor/laravel/framework/src/Illuminate/Pipeline/Pipeline.php(180): Illuminate\\Foundation\\Http\\Kernel->Illuminate\\Foundation\\Http\\{closure}()
#28 /home/ecyberco/domains/lipakodi.ecyber.co.ke/public_html/rms/app/Http/Middleware/OrgScopeMiddleware.php(17): Illuminate\\Pipeline\\Pipeline->Illuminate\\Pipeline\\{closure}()
#29 /home/ecyberco/domains/lipakodi.ecyber.co.ke/public_html/rms/vendor/laravel/framework/src/Illuminate/Pipeline/Pipeline.php(219): App\\Http\\Middleware\\OrgScopeMiddleware->handle()
#30 /home/ecyberco/domains/lipakodi.ecyber.co.ke/public_html/rms/app/Http/Middleware/SubdomainMiddleware.php(81): Illuminate\\Pipeline\\Pipeline->Illuminate\\Pipeline\\{closure}()
#31 /home/ecyberco/domains/lipakodi.ecyber.co.ke/public_html/rms/vendor/laravel/framework/src/Illuminate/Pipeline/Pipeline.php(219): App\\Http\\Middleware\\SubdomainMiddleware->handle()
#32 /home/ecyberco/domains/lipakodi.ecyber.co.ke/public_html/rms/vendor/laravel/framework/src/Illuminate/Http/Middleware/TrustProxies.php(58): Illuminate\\Pipeline\\Pipeline->Illuminate\\Pipeline\\{closure}()
#33 /home/ecyberco/domains/lipakodi.ecyber.co.ke/public_html/rms/vendor/laravel/framework/src/Illuminate/Pipeline/Pipeline.php(219): Illuminate\\Http\\Middleware\\TrustProxies->handle()
#34 /home/ecyberco/domains/lipakodi.ecyber.co.ke/public_html/rms/vendor/laravel/framework/src/Illuminate/Foundation/Http/Middleware/TransformsRequest.php(21): Illuminate\\Pipeline\\Pipeline->Illuminate\\Pipeline\\{closure}()
#35 /home/ecyberco/domains/lipakodi.ecyber.co.ke/public_html/rms/vendor/laravel/framework/src/Illuminate/Foundation/Http/Middleware/ConvertEmptyStringsToNull.php(31): Illuminate\\Foundation\\Http\\Middleware\\TransformsRequest->handle()
#36 /home/ecyberco/domains/lipakodi.ecyber.co.ke/public_html/rms/vendor/laravel/framework/src/Illuminate/Pipeline/Pipeline.php(219): Illuminate\\Foundation\\Http\\Middleware\\ConvertEmptyStringsToNull->handle()
#37 /home/ecyberco/domains/lipakodi.ecyber.co.ke/public_html/rms/vendor/laravel/framework/src/Illuminate/Foundation/Http/Middleware/TransformsRequest.php(21): Illuminate\\Pipeline\\Pipeline->Illuminate\\Pipeline\\{closure}()
#38 /home/ecyberco/domains/lipakodi.ecyber.co.ke/public_html/rms/vendor/laravel/framework/src/Illuminate/Foundation/Http/Middleware/TrimStrings.php(51): Illuminate\\Foundation\\Http\\Middleware\\TransformsRequest->handle()
#39 /home/ecyberco/domains/lipakodi.ecyber.co.ke/public_html/rms/vendor/laravel/framework/src/Illuminate/Pipeline/Pipeline.php(219): Illuminate\\Foundation\\Http\\Middleware\\TrimStrings->handle()
#40 /home/ecyberco/domains/lipakodi.ecyber.co.ke/public_html/rms/vendor/laravel/framework/src/Illuminate/Http/Middleware/ValidatePostSize.php(27): Illuminate\\Pipeline\\Pipeline->Illuminate\\Pipeline\\{closure}()
#41 /home/ecyberco/domains/lipakodi.ecyber.co.ke/public_html/rms/vendor/laravel/framework/src/Illuminate/Pipeline/Pipeline.php(219): Illuminate\\Http\\Middleware\\ValidatePostSize->handle()
#42 /home/ecyberco/domains/lipakodi.ecyber.co.ke/public_html/rms/vendor/laravel/framework/src/Illuminate/Foundation/Http/Middleware/PreventRequestsDuringMaintenance.php(109): Illuminate\\Pipeline\\Pipeline->Illuminate\\Pipeline\\{closure}()
#43 /home/ecyberco/domains/lipakodi.ecyber.co.ke/public_html/rms/vendor/laravel/framework/src/Illuminate/Pipeline/Pipeline.php(219): Illuminate\\Foundation\\Http\\Middleware\\PreventRequestsDuringMaintenance->handle()
#44 /home/ecyberco/domains/lipakodi.ecyber.co.ke/public_html/rms/vendor/laravel/framework/src/Illuminate/Pipeline/Pipeline.php(137): Illuminate\\Pipeline\\Pipeline->Illuminate\\Pipeline\\{closure}()
#45 /home/ecyberco/domains/lipakodi.ecyber.co.ke/public_html/rms/vendor/laravel/framework/src/Illuminate/Foundation/Http/Kernel.php(175): Illuminate\\Pipeline\\Pipeline->then()
#46 /home/ecyberco/domains/lipakodi.ecyber.co.ke/public_html/rms/vendor/laravel/framework/src/Illuminate/Foundation/Http/Kernel.php(144): Illuminate\\Foundation\\Http\\Kernel->sendRequestThroughRouter()
#47 /home/ecyberco/domains/lipakodi.ecyber.co.ke/public_html/rms/public/index.php(36): Illuminate\\Foundation\\Http\\Kernel->handle()
#48 {main}"} 
[2026-04-06 09:26:40] local.ERROR: Cannot declare class App\Console\Commands\PayingOwners, because the name is already in use {"exception":"[object] (Symfony\\Component\\ErrorHandler\\Error\\FatalError(code: 0): Cannot declare class App\\Console\\Commands\\PayingOwners, because the name is already in use at /home/ecyberco/domains/lipakodi.ecyber.co.ke/public_html/rms/app/Console/Commands/PayOwners.php:15)
[stacktrace]
#0 {main}
"} 
[2026-04-06 09:26:40] local.ERROR: Cannot declare class App\Console\Commands\PayingOwners, because the name is already in use {"exception":"[object] (Symfony\\Component\\ErrorHandler\\Error\\FatalError(code: 0): Cannot declare class App\\Console\\Commands\\PayingOwners, because the name is already in use at /home/ecyberco/domains/lipakodi.ecyber.co.ke/public_html/rms/app/Console/Commands/PayOwners.php:15)
[stacktrace]
#0 {main}
"} 
[2026-04-06 09:27:45] local.ERROR: Cannot declare class App\Console\Commands\PayOwners because the name is already in use {"exception":"[object] (Symfony\\Component\\ErrorHandler\\Error\\FatalError(code: 0): Cannot declare class App\\Console\\Commands\\PayOwners because the name is already in use at /home/ecyberco/domains/lipakodi.ecyber.co.ke/public_html/rms/app/Console/Commands/PayOwners.php:15)
[stacktrace]
#0 {main}
"} 
[2026-04-06 09:27:45] local.ERROR: Cannot declare class App\Console\Commands\PayOwners because the name is already in use {"exception":"[object] (Symfony\\Component\\ErrorHandler\\Error\\FatalError(code: 0): Cannot declare class App\\Console\\Commands\\PayOwners because the name is already in use at /home/ecyberco/domains/lipakodi.ecyber.co.ke/public_html/rms/app/Console/Commands/PayOwners.php:15)
[stacktrace]
#0 {main}
"} 
[2026-04-06 09:32:11] local.ERROR: Unable to prepare route [tenant-portal/logout] for serialization. Another route has already been assigned name [tenant.logout]. {"exception":"[object] (LogicException(code: 0): Unable to prepare route [tenant-portal/logout] for serialization. Another route has already been assigned name [tenant.logout]. at /home/ecyberco/domains/lipakodi.ecyber.co.ke/public_html/rms/vendor/laravel/framework/src/Illuminate/Routing/AbstractRouteCollection.php:257)
[stacktrace]
#0 /home/ecyberco/domains/lipakodi.ecyber.co.ke/public_html/rms/vendor/laravel/framework/src/Illuminate/Routing/AbstractRouteCollection.php(221): Illuminate\\Routing\\AbstractRouteCollection->addToSymfonyRoutesCollection()
#1 /home/ecyberco/domains/lipakodi.ecyber.co.ke/public_html/rms/vendor/laravel/framework/src/Illuminate/Routing/RouteCollection.php(268): Illuminate\\Routing\\AbstractRouteCollection->toSymfonyRouteCollection()
#2 /home/ecyberco/domains/lipakodi.ecyber.co.ke/public_html/rms/vendor/laravel/framework/src/Illuminate/Routing/AbstractRouteCollection.php(200): Illuminate\\Routing\\RouteCollection->toSymfonyRouteCollection()
#3 /home/ecyberco/domains/lipakodi.ecyber.co.ke/public_html/rms/vendor/laravel/framework/src/Illuminate/Routing/AbstractRouteCollection.php(171): Illuminate\\Routing\\AbstractRouteCollection->dumper()
#4 /home/ecyberco/domains/lipakodi.ecyber.co.ke/public_html/rms/vendor/laravel/framework/src/Illuminate/Foundation/Console/RouteCacheCommand.php(108): Illuminate\\Routing\\AbstractRouteCollection->compile()
#5 /home/ecyberco/domains/lipakodi.ecyber.co.ke/public_html/rms/vendor/laravel/framework/src/Illuminate/Foundation/Console/RouteCacheCommand.php(67): Illuminate\\Foundation\\Console\\RouteCacheCommand->buildRouteCacheFile()
#6 /home/ecyberco/domains/lipakodi.ecyber.co.ke/public_html/rms/vendor/laravel/framework/src/Illuminate/Container/BoundMethod.php(36): Illuminate\\Foundation\\Console\\RouteCacheCommand->handle()
#7 /home/ecyberco/domains/lipakodi.ecyber.co.ke/public_html/rms/vendor/laravel/framework/src/Illuminate/Container/Util.php(43): Illuminate\\Container\\BoundMethod::Illuminate\\Container\\{closure}()
#8 /home/ecyberco/domains/lipakodi.ecyber.co.ke/public_html/rms/vendor/laravel/framework/src/Illuminate/Container/BoundMethod.php(96): Illuminate\\Container\\Util::unwrapIfClosure()
#9 /home/ecyberco/domains/lipakodi.ecyber.co.ke/public_html/rms/vendor/laravel/framework/src/Illuminate/Container/BoundMethod.php(35): Illuminate\\Container\\BoundMethod::callBoundMethod()
#10 /home/ecyberco/domains/lipakodi.ecyber.co.ke/public_html/rms/vendor/laravel/framework/src/Illuminate/Container/Container.php(799): Illuminate\\Container\\BoundMethod::call()
#11 /home/ecyberco/domains/lipakodi.ecyber.co.ke/public_html/rms/vendor/laravel/framework/src/Illuminate/Console/Command.php(211): Illuminate\\Container\\Container->call()
#12 /home/ecyberco/domains/lipakodi.ecyber.co.ke/public_html/rms/vendor/symfony/console/Command/Command.php(341): Illuminate\\Console\\Command->execute()
#13 /home/ecyberco/domains/lipakodi.ecyber.co.ke/public_html/rms/vendor/laravel/framework/src/Illuminate/Console/Command.php(180): Symfony\\Component\\Console\\Command\\Command->run()
#14 /home/ecyberco/domains/lipakodi.ecyber.co.ke/public_html/rms/vendor/symfony/console/Application.php(1117): Illuminate\\Console\\Command->run()
#15 /home/ecyberco/domains/lipakodi.ecyber.co.ke/public_html/rms/vendor/symfony/console/Application.php(356): Symfony\\Component\\Console\\Application->doRunCommand()
#16 /home/ecyberco/domains/lipakodi.ecyber.co.ke/public_html/rms/vendor/symfony/console/Application.php(195): Symfony\\Component\\Console\\Application->doRun()
#17 /home/ecyberco/domains/lipakodi.ecyber.co.ke/public_html/rms/vendor/laravel/framework/src/Illuminate/Foundation/Console/Kernel.php(198): Symfony\\Component\\Console\\Application->run()
#18 /home/ecyberco/domains/lipakodi.ecyber.co.ke/public_html/rms/artisan(35): Illuminate\\Foundation\\Console\\Kernel->handle()
#19 {main}
"} 
[2026-04-06 09:33:52] local.ERROR: Stream is detached {"userId":1,"exception":"[object] (RuntimeException(code: 0): Stream is detached at /home/ecyberco/domains/lipakodi.ecyber.co.ke/public_html/rms/vendor/guzzlehttp/psr7/src/Stream.php:98)
[stacktrace]
#0 /home/ecyberco/domains/lipakodi.ecyber.co.ke/public_html/rms/vendor/guzzlehttp/psr7/src/Stream.php(84): GuzzleHttp\\Psr7\\Stream->getContents()
#1 [internal function]: GuzzleHttp\\Psr7\\Stream->__toString()
#2 /home/ecyberco/domains/lipakodi.ecyber.co.ke/public_html/rms/app/Traits/NotifyClient.php(45): json_decode()
#3 /home/ecyberco/domains/lipakodi.ecyber.co.ke/public_html/rms/app/Http/Controllers/SmsController.php(745): App\\Http\\Controllers\\SmsController->sendMessage()
#4 /home/ecyberco/domains/lipakodi.ecyber.co.ke/public_html/rms/app/Http/Controllers/SmsController.php(32): App\\Http\\Controllers\\SmsController->rentOverdueSms()
#5 /home/ecyberco/domains/lipakodi.ecyber.co.ke/public_html/rms/vendor/laravel/framework/src/Illuminate/Routing/Controller.php(54): App\\Http\\Controllers\\SmsController->automatedSms()
#6 /home/ecyberco/domains/lipakodi.ecyber.co.ke/public_html/rms/vendor/laravel/framework/src/Illuminate/Routing/ControllerDispatcher.php(43): Illuminate\\Routing\\Controller->callAction()
#7 /home/ecyberco/domains/lipakodi.ecyber.co.ke/public_html/rms/vendor/laravel/framework/src/Illuminate/Routing/Route.php(265): Illuminate\\Routing\\ControllerDispatcher->dispatch()
#8 /home/ecyberco/domains/lipakodi.ecyber.co.ke/public_html/rms/vendor/laravel/framework/src/Illuminate/Routing/Route.php(211): Illuminate\\Routing\\Route->runController()
#9 /home/ecyberco/domains/lipakodi.ecyber.co.ke/public_html/rms/vendor/laravel/framework/src/Illuminate/Routing/Router.php(822): Illuminate\\Routing\\Route->run()
#10 /home/ecyberco/domains/lipakodi.ecyber.co.ke/public_html/rms/vendor/laravel/framework/src/Illuminate/Pipeline/Pipeline.php(180): Illuminate\\Routing\\Router->Illuminate\\Routing\\{closure}()
#11 /home/ecyberco/domains/lipakodi.ecyber.co.ke/public_html/rms/vendor/laravel/framework/src/Illuminate/Routing/Middleware/SubstituteBindings.php(50): Illuminate\\Pipeline\\Pipeline->Illuminate\\Pipeline\\{closure}()
#12 /home/ecyberco/domains/lipakodi.ecyber.co.ke/public_html/rms/vendor/laravel/framework/src/Illuminate/Pipeline/Pipeline.php(219): Illuminate\\Routing\\Middleware\\SubstituteBindings->handle()
#13 /home/ecyberco/domains/lipakodi.ecyber.co.ke/public_html/rms/vendor/laravel/framework/src/Illuminate/Foundation/Http/Middleware/VerifyCsrfToken.php(87): Illuminate\\Pipeline\\Pipeline->Illuminate\\Pipeline\\{closure}()
#14 /home/ecyberco/domains/lipakodi.ecyber.co.ke/public_html/rms/vendor/laravel/framework/src/Illuminate/Pipeline/Pipeline.php(219): Illuminate\\Foundation\\Http\\Middleware\\VerifyCsrfToken->handle()
#15 /home/ecyberco/domains/lipakodi.ecyber.co.ke/public_html/rms/vendor/laravel/framework/src/Illuminate/View/Middleware/ShareErrorsFromSession.php(48): Illuminate\\Pipeline\\Pipeline->Illuminate\\Pipeline\\{closure}()
#16 /home/ecyberco/domains/lipakodi.ecyber.co.ke/public_html/rms/vendor/laravel/framework/src/Illuminate/Pipeline/Pipeline.php(219): Illuminate\\View\\Middleware\\ShareErrorsFromSession->handle()
#17 /home/ecyberco/domains/lipakodi.ecyber.co.ke/public_html/rms/vendor/laravel/framework/src/Illuminate/Session/Middleware/StartSession.php(120): Illuminate\\Pipeline\\Pipeline->Illuminate\\Pipeline\\{closure}()
#18 /home/ecyberco/domains/lipakodi.ecyber.co.ke/public_html/rms/vendor/laravel/framework/src/Illuminate/Session/Middleware/StartSession.php(63): Illuminate\\Session\\Middleware\\StartSession->handleStatefulRequest()
#19 /home/ecyberco/domains/lipakodi.ecyber.co.ke/public_html/rms/vendor/laravel/framework/src/Illuminate/Pipeline/Pipeline.php(219): Illuminate\\Session\\Middleware\\StartSession->handle()
#20 /home/ecyberco/domains/lipakodi.ecyber.co.ke/public_html/rms/vendor/laravel/framework/src/Illuminate/Cookie/Middleware/AddQueuedCookiesToResponse.php(36): Illuminate\\Pipeline\\Pipeline->Illuminate\\Pipeline\\{closure}()
#21 /home/ecyberco/domains/lipakodi.ecyber.co.ke/public_html/rms/vendor/laravel/framework/src/Illuminate/Pipeline/Pipeline.php(219): Illuminate\\Cookie\\Middleware\\AddQueuedCookiesToResponse->handle()
#22 /home/ecyberco/domains/lipakodi.ecyber.co.ke/public_html/rms/vendor/laravel/framework/src/Illuminate/Cookie/Middleware/EncryptCookies.php(74): Illuminate\\Pipeline\\Pipeline->Illuminate\\Pipeline\\{closure}()
#23 /home/ecyberco/domains/lipakodi.ecyber.co.ke/public_html/rms/vendor/laravel/framework/src/Illuminate/Pipeline/Pipeline.php(219): Illuminate\\Cookie\\Middleware\\EncryptCookies->handle()
#24 /home/ecyberco/domains/lipakodi.ecyber.co.ke/public_html/rms/vendor/laravel/framework/src/Illuminate/Pipeline/Pipeline.php(137): Illuminate\\Pipeline\\Pipeline->Illuminate\\Pipeline\\{closure}()
#25 /home/ecyberco/domains/lipakodi.ecyber.co.ke/public_html/rms/vendor/laravel/framework/src/Illuminate/Routing/Router.php(821): Illuminate\\Pipeline\\Pipeline->then()
#26 /home/ecyberco/domains/lipakodi.ecyber.co.ke/public_html/rms/vendor/laravel/framework/src/Illuminate/Routing/Router.php(800): Illuminate\\Routing\\Router->runRouteWithinStack()
#27 /home/ecyberco/domains/lipakodi.ecyber.co.ke/public_html/rms/vendor/laravel/framework/src/Illuminate/Routing/Router.php(764): Illuminate\\Routing\\Router->runRoute()
#28 /home/ecyberco/domains/lipakodi.ecyber.co.ke/public_html/rms/vendor/laravel/framework/src/Illuminate/Routing/Router.php(753): Illuminate\\Routing\\Router->dispatchToRoute()
#29 /home/ecyberco/domains/lipakodi.ecyber.co.ke/public_html/rms/vendor/laravel/framework/src/Illuminate/Foundation/Http/Kernel.php(200): Illuminate\\Routing\\Router->dispatch()
#30 /home/ecyberco/domains/lipakodi.ecyber.co.ke/public_html/rms/vendor/laravel/framework/src/Illuminate/Pipeline/Pipeline.php(180): Illuminate\\Foundation\\Http\\Kernel->Illuminate\\Foundation\\Http\\{closure}()
#31 /home/ecyberco/domains/lipakodi.ecyber.co.ke/public_html/rms/app/Http/Middleware/OrgScopeMiddleware.php(17): Illuminate\\Pipeline\\Pipeline->Illuminate\\Pipeline\\{closure}()
#32 /home/ecyberco/domains/lipakodi.ecyber.co.ke/public_html/rms/vendor/laravel/framework/src/Illuminate/Pipeline/Pipeline.php(219): App\\Http\\Middleware\\OrgScopeMiddleware->handle()
#33 /home/ecyberco/domains/lipakodi.ecyber.co.ke/public_html/rms/app/Http/Middleware/SubdomainMiddleware.php(81): Illuminate\\Pipeline\\Pipeline->Illuminate\\Pipeline\\{closure}()
#34 /home/ecyberco/domains/lipakodi.ecyber.co.ke/public_html/rms/vendor/laravel/framework/src/Illuminate/Pipeline/Pipeline.php(219): App\\Http\\Middleware\\SubdomainMiddleware->handle()
#35 /home/ecyberco/domains/lipakodi.ecyber.co.ke/public_html/rms/vendor/laravel/framework/src/Illuminate/Http/Middleware/TrustProxies.php(58): Illuminate\\Pipeline\\Pipeline->Illuminate\\Pipeline\\{closure}()
#36 /home/ecyberco/domains/lipakodi.ecyber.co.ke/public_html/rms/vendor/laravel/framework/src/Illuminate/Pipeline/Pipeline.php(219): Illuminate\\Http\\Middleware\\TrustProxies->handle()
#37 /home/ecyberco/domains/lipakodi.ecyber.co.ke/public_html/rms/vendor/laravel/framework/src/Illuminate/Foundation/Http/Middleware/TransformsRequest.php(21): Illuminate\\Pipeline\\Pipeline->Illuminate\\Pipeline\\{closure}()
#38 /home/ecyberco/domains/lipakodi.ecyber.co.ke/public_html/rms/vendor/laravel/framework/src/Illuminate/Foundation/Http/Middleware/ConvertEmptyStringsToNull.php(31): Illuminate\\Foundation\\Http\\Middleware\\TransformsRequest->handle()
#39 /home/ecyberco/domains/lipakodi.ecyber.co.ke/public_html/rms/vendor/laravel/framework/src/Illuminate/Pipeline/Pipeline.php(219): Illuminate\\Foundation\\Http\\Middleware\\ConvertEmptyStringsToNull->handle()
#40 /home/ecyberco/domains/lipakodi.ecyber.co.ke/public_html/rms/vendor/laravel/framework/src/Illuminate/Foundation/Http/Middleware/TransformsRequest.php(21): Illuminate\\Pipeline\\Pipeline->Illuminate\\Pipeline\\{closure}()
#41 /home/ecyberco/domains/lipakodi.ecyber.co.ke/public_html/rms/vendor/laravel/framework/src/Illuminate/Foundation/Http/Middleware/TrimStrings.php(51): Illuminate\\Foundation\\Http\\Middleware\\TransformsRequest->handle()
#42 /home/ecyberco/domains/lipakodi.ecyber.co.ke/public_html/rms/vendor/laravel/framework/src/Illuminate/Pipeline/Pipeline.php(219): Illuminate\\Foundation\\Http\\Middleware\\TrimStrings->handle()
#43 /home/ecyberco/domains/lipakodi.ecyber.co.ke/public_html/rms/vendor/laravel/framework/src/Illuminate/Http/Middleware/ValidatePostSize.php(27): Illuminate\\Pipeline\\Pipeline->Illuminate\\Pipeline\\{closure}()
#44 /home/ecyberco/domains/lipakodi.ecyber.co.ke/public_html/rms/vendor/laravel/framework/src/Illuminate/Pipeline/Pipeline.php(219): Illuminate\\Http\\Middleware\\ValidatePostSize->handle()
#45 /home/ecyberco/domains/lipakodi.ecyber.co.ke/public_html/rms/vendor/laravel/framework/src/Illuminate/Foundation/Http/Middleware/PreventRequestsDuringMaintenance.php(109): Illuminate\\Pipeline\\Pipeline->Illuminate\\Pipeline\\{closure}()
#46 /home/ecyberco/domains/lipakodi.ecyber.co.ke/public_html/rms/vendor/laravel/framework/src/Illuminate/Pipeline/Pipeline.php(219): Illuminate\\Foundation\\Http\\Middleware\\PreventRequestsDuringMaintenance->handle()
#47 /home/ecyberco/domains/lipakodi.ecyber.co.ke/public_html/rms/vendor/laravel/framework/src/Illuminate/Pipeline/Pipeline.php(137): Illuminate\\Pipeline\\Pipeline->Illuminate\\Pipeline\\{closure}()
#48 /home/ecyberco/domains/lipakodi.ecyber.co.ke/public_html/rms/vendor/laravel/framework/src/Illuminate/Foundation/Http/Kernel.php(175): Illuminate\\Pipeline\\Pipeline->then()
#49 /home/ecyberco/domains/lipakodi.ecyber.co.ke/public_html/rms/vendor/laravel/framework/src/Illuminate/Foundation/Http/Kernel.php(144): Illuminate\\Foundation\\Http\\Kernel->sendRequestThroughRouter()
#50 /home/ecyberco/domains/lipakodi.ecyber.co.ke/public_html/rms/public/index.php(36): Illuminate\\Foundation\\Http\\Kernel->handle()
#51 {main}
"} 
