[2026-04-05 01:20:29] local.ERROR: SQLSTATE[42S22]: Column not found: 1054 Unknown column 'on_notice' in 'WHERE' (Connection: mysql, SQL: select count(*) as aggregate from `houses` where `apartment_id` in (1) and `on_notice` = 1 and `houses`.`deleted_at` is null) {"userId":1,"exception":"[object] (Illuminate\\Database\\QueryException(code: 42S22): SQLSTATE[42S22]: Column not found: 1054 Unknown column 'on_notice' in 'WHERE' (Connection: mysql, SQL: select count(*) as aggregate from `houses` where `apartment_id` in (1) and `on_notice` = 1 and `houses`.`deleted_at` is null) at /home/ecyberco/domains/lipakodi.ecyber.co.ke/public_html/rms/vendor/laravel/framework/src/Illuminate/Database/Connection.php:829)
[stacktrace]
#0 /home/ecyberco/domains/lipakodi.ecyber.co.ke/public_html/rms/vendor/laravel/framework/src/Illuminate/Database/Connection.php(783): Illuminate\\Database\\Connection->runQueryCallback()
#1 /home/ecyberco/domains/lipakodi.ecyber.co.ke/public_html/rms/vendor/laravel/framework/src/Illuminate/Database/Connection.php(414): Illuminate\\Database\\Connection->run()
#2 /home/ecyberco/domains/lipakodi.ecyber.co.ke/public_html/rms/vendor/laravel/framework/src/Illuminate/Database/Query/Builder.php(2913): Illuminate\\Database\\Connection->select()
#3 /home/ecyberco/domains/lipakodi.ecyber.co.ke/public_html/rms/vendor/laravel/framework/src/Illuminate/Database/Query/Builder.php(2902): Illuminate\\Database\\Query\\Builder->runSelect()
#4 /home/ecyberco/domains/lipakodi.ecyber.co.ke/public_html/rms/vendor/laravel/framework/src/Illuminate/Database/Query/Builder.php(3456): Illuminate\\Database\\Query\\Builder->Illuminate\\Database\\Query\\{closure}()
#5 /home/ecyberco/domains/lipakodi.ecyber.co.ke/public_html/rms/vendor/laravel/framework/src/Illuminate/Database/Query/Builder.php(2901): Illuminate\\Database\\Query\\Builder->onceWithColumns()
#6 /home/ecyberco/domains/lipakodi.ecyber.co.ke/public_html/rms/vendor/laravel/framework/src/Illuminate/Database/Query/Builder.php(3383): Illuminate\\Database\\Query\\Builder->get()
#7 /home/ecyberco/domains/lipakodi.ecyber.co.ke/public_html/rms/vendor/laravel/framework/src/Illuminate/Database/Query/Builder.php(3311): Illuminate\\Database\\Query\\Builder->aggregate()
#8 /home/ecyberco/domains/lipakodi.ecyber.co.ke/public_html/rms/vendor/laravel/framework/src/Illuminate/Database/Eloquent/Builder.php(1982): Illuminate\\Database\\Query\\Builder->count()
#9 /home/ecyberco/domains/lipakodi.ecyber.co.ke/public_html/rms/app/Http/Controllers/Landlord/LandlordDashboardController.php(44): Illuminate\\Database\\Eloquent\\Builder->__call()
#10 /home/ecyberco/domains/lipakodi.ecyber.co.ke/public_html/rms/vendor/laravel/framework/src/Illuminate/Routing/Controller.php(54): App\\Http\\Controllers\\Landlord\\LandlordDashboardController->index()
#11 /home/ecyberco/domains/lipakodi.ecyber.co.ke/public_html/rms/vendor/laravel/framework/src/Illuminate/Routing/ControllerDispatcher.php(43): Illuminate\\Routing\\Controller->callAction()
#12 /home/ecyberco/domains/lipakodi.ecyber.co.ke/public_html/rms/vendor/laravel/framework/src/Illuminate/Routing/Route.php(259): Illuminate\\Routing\\ControllerDispatcher->dispatch()
#13 /home/ecyberco/domains/lipakodi.ecyber.co.ke/public_html/rms/vendor/laravel/framework/src/Illuminate/Routing/Route.php(205): Illuminate\\Routing\\Route->runController()
#14 /home/ecyberco/domains/lipakodi.ecyber.co.ke/public_html/rms/vendor/laravel/framework/src/Illuminate/Routing/Router.php(806): Illuminate\\Routing\\Route->run()
#15 /home/ecyberco/domains/lipakodi.ecyber.co.ke/public_html/rms/vendor/laravel/framework/src/Illuminate/Pipeline/Pipeline.php(144): Illuminate\\Routing\\Router->Illuminate\\Routing\\{closure}()
#16 /home/ecyberco/domains/lipakodi.ecyber.co.ke/public_html/rms/vendor/laravel/framework/src/Illuminate/Routing/Middleware/SubstituteBindings.php(50): Illuminate\\Pipeline\\Pipeline->Illuminate\\Pipeline\\{closure}()
#17 /home/ecyberco/domains/lipakodi.ecyber.co.ke/public_html/rms/vendor/laravel/framework/src/Illuminate/Pipeline/Pipeline.php(183): Illuminate\\Routing\\Middleware\\SubstituteBindings->handle()
#18 /home/ecyberco/domains/lipakodi.ecyber.co.ke/public_html/rms/vendor/laravel/framework/src/Illuminate/Auth/Middleware/Authenticate.php(57): Illuminate\\Pipeline\\Pipeline->Illuminate\\Pipeline\\{closure}()
#19 /home/ecyberco/domains/lipakodi.ecyber.co.ke/public_html/rms/vendor/laravel/framework/src/Illuminate/Pipeline/Pipeline.php(183): Illuminate\\Auth\\Middleware\\Authenticate->handle()
#20 /home/ecyberco/domains/lipakodi.ecyber.co.ke/public_html/rms/vendor/laravel/framework/src/Illuminate/Foundation/Http/Middleware/VerifyCsrfToken.php(78): Illuminate\\Pipeline\\Pipeline->Illuminate\\Pipeline\\{closure}()
#21 /home/ecyberco/domains/lipakodi.ecyber.co.ke/public_html/rms/vendor/laravel/framework/src/Illuminate/Pipeline/Pipeline.php(183): Illuminate\\Foundation\\Http\\Middleware\\VerifyCsrfToken->handle()
#22 /home/ecyberco/domains/lipakodi.ecyber.co.ke/public_html/rms/vendor/laravel/framework/src/Illuminate/View/Middleware/ShareErrorsFromSession.php(49): Illuminate\\Pipeline\\Pipeline->Illuminate\\Pipeline\\{closure}()
#23 /home/ecyberco/domains/lipakodi.ecyber.co.ke/public_html/rms/vendor/laravel/framework/src/Illuminate/Pipeline/Pipeline.php(183): Illuminate\\View\\Middleware\\ShareErrorsFromSession->handle()
#24 /home/ecyberco/domains/lipakodi.ecyber.co.ke/public_html/rms/vendor/laravel/framework/src/Illuminate/Session/Middleware/StartSession.php(121): Illuminate\\Pipeline\\Pipeline->Illuminate\\Pipeline\\{closure}()
#25 /home/ecyberco/domains/lipakodi.ecyber.co.ke/public_html/rms/vendor/laravel/framework/src/Illuminate/Session/Middleware/StartSession.php(64): Illuminate\\Session\\Middleware\\StartSession->handleStatefulRequest()
#26 /home/ecyberco/domains/lipakodi.ecyber.co.ke/public_html/rms/vendor/laravel/framework/src/Illuminate/Pipeline/Pipeline.php(183): Illuminate\\Session\\Middleware\\StartSession->handle()
#27 /home/ecyberco/domains/lipakodi.ecyber.co.ke/public_html/rms/vendor/laravel/framework/src/Illuminate/Cookie/Middleware/AddQueuedCookiesToResponse.php(37): Illuminate\\Pipeline\\Pipeline->Illuminate\\Pipeline\\{closure}()
#28 /home/ecyberco/domains/lipakodi.ecyber.co.ke/public_html/rms/vendor/laravel/framework/src/Illuminate/Pipeline/Pipeline.php(183): Illuminate\\Cookie\\Middleware\\AddQueuedCookiesToResponse->handle()
#29 /home/ecyberco/domains/lipakodi.ecyber.co.ke/public_html/rms/vendor/laravel/framework/src/Illuminate/Cookie/Middleware/EncryptCookies.php(67): Illuminate\\Pipeline\\Pipeline->Illuminate\\Pipeline\\{closure}()
#30 /home/ecyberco/domains/lipakodi.ecyber.co.ke/public_html/rms/vendor/laravel/framework/src/Illuminate/Pipeline/Pipeline.php(183): Illuminate\\Cookie\\Middleware\\EncryptCookies->handle()
#31 /home/ecyberco/domains/lipakodi.ecyber.co.ke/public_html/rms/vendor/laravel/framework/src/Illuminate/Pipeline/Pipeline.php(119): Illuminate\\Pipeline\\Pipeline->Illuminate\\Pipeline\\{closure}()
#32 /home/ecyberco/domains/lipakodi.ecyber.co.ke/public_html/rms/vendor/laravel/framework/src/Illuminate/Routing/Router.php(805): Illuminate\\Pipeline\\Pipeline->then()
#33 /home/ecyberco/domains/lipakodi.ecyber.co.ke/public_html/rms/vendor/laravel/framework/src/Illuminate/Routing/Router.php(784): Illuminate\\Routing\\Router->runRouteWithinStack()
#34 /home/ecyberco/domains/lipakodi.ecyber.co.ke/public_html/rms/vendor/laravel/framework/src/Illuminate/Routing/Router.php(748): Illuminate\\Routing\\Router->runRoute()
#35 /home/ecyberco/domains/lipakodi.ecyber.co.ke/public_html/rms/vendor/laravel/framework/src/Illuminate/Routing/Router.php(737): Illuminate\\Routing\\Router->dispatchToRoute()
#36 /home/ecyberco/domains/lipakodi.ecyber.co.ke/public_html/rms/vendor/laravel/framework/src/Illuminate/Foundation/Http/Kernel.php(200): Illuminate\\Routing\\Router->dispatch()
#37 /home/ecyberco/domains/lipakodi.ecyber.co.ke/public_html/rms/vendor/laravel/framework/src/Illuminate/Pipeline/Pipeline.php(144): Illuminate\\Foundation\\Http\\Kernel->Illuminate\\Foundation\\Http\\{closure}()
#38 /home/ecyberco/domains/lipakodi.ecyber.co.ke/public_html/rms/app/Http/Middleware/OrgScopeMiddleware.php(17): Illuminate\\Pipeline\\Pipeline->Illuminate\\Pipeline\\{closure}()
#39 /home/ecyberco/domains/lipakodi.ecyber.co.ke/public_html/rms/vendor/laravel/framework/src/Illuminate/Pipeline/Pipeline.php(183): App\\Http\\Middleware\\OrgScopeMiddleware->handle()
#40 /home/ecyberco/domains/lipakodi.ecyber.co.ke/public_html/rms/app/Http/Middleware/SubdomainMiddleware.php(81): Illuminate\\Pipeline\\Pipeline->Illuminate\\Pipeline\\{closure}()
#41 /home/ecyberco/domains/lipakodi.ecyber.co.ke/public_html/rms/vendor/laravel/framework/src/Illuminate/Pipeline/Pipeline.php(183): App\\Http\\Middleware\\SubdomainMiddleware->handle()
#42 /home/ecyberco/domains/lipakodi.ecyber.co.ke/public_html/rms/vendor/laravel/framework/src/Illuminate/Http/Middleware/TrustProxies.php(39): Illuminate\\Pipeline\\Pipeline->Illuminate\\Pipeline\\{closure}()
#43 /home/ecyberco/domains/lipakodi.ecyber.co.ke/public_html/rms/vendor/laravel/framework/src/Illuminate/Pipeline/Pipeline.php(183): Illuminate\\Http\\Middleware\\TrustProxies->handle()
#44 /home/ecyberco/domains/lipakodi.ecyber.co.ke/public_html/rms/vendor/laravel/framework/src/Illuminate/Foundation/Http/Middleware/TransformsRequest.php(21): Illuminate\\Pipeline\\Pipeline->Illuminate\\Pipeline\\{closure}()
#45 /home/ecyberco/domains/lipakodi.ecyber.co.ke/public_html/rms/vendor/laravel/framework/src/Illuminate/Foundation/Http/Middleware/ConvertEmptyStringsToNull.php(31): Illuminate\\Foundation\\Http\\Middleware\\TransformsRequest->handle()
#46 /home/ecyberco/domains/lipakodi.ecyber.co.ke/public_html/rms/vendor/laravel/framework/src/Illuminate/Pipeline/Pipeline.php(183): Illuminate\\Foundation\\Http\\Middleware\\ConvertEmptyStringsToNull->handle()
#47 /home/ecyberco/domains/lipakodi.ecyber.co.ke/public_html/rms/vendor/laravel/framework/src/Illuminate/Foundation/Http/Middleware/TransformsRequest.php(21): Illuminate\\Pipeline\\Pipeline->Illuminate\\Pipeline\\{closure}()
#48 /home/ecyberco/domains/lipakodi.ecyber.co.ke/public_html/rms/vendor/laravel/framework/src/Illuminate/Foundation/Http/Middleware/TrimStrings.php(40): Illuminate\\Foundation\\Http\\Middleware\\TransformsRequest->handle()
#49 /home/ecyberco/domains/lipakodi.ecyber.co.ke/public_html/rms/vendor/laravel/framework/src/Illuminate/Pipeline/Pipeline.php(183): Illuminate\\Foundation\\Http\\Middleware\\TrimStrings->handle()
#50 /home/ecyberco/domains/lipakodi.ecyber.co.ke/public_html/rms/vendor/laravel/framework/src/Illuminate/Foundation/Http/Middleware/ValidatePostSize.php(27): Illuminate\\Pipeline\\Pipeline->Illuminate\\Pipeline\\{closure}()
#51 /home/ecyberco/domains/lipakodi.ecyber.co.ke/public_html/rms/vendor/laravel/framework/src/Illuminate/Pipeline/Pipeline.php(183): Illuminate\\Foundation\\Http\\Middleware\\ValidatePostSize->handle()
#52 /home/ecyberco/domains/lipakodi.ecyber.co.ke/public_html/rms/vendor/laravel/framework/src/Illuminate/Foundation/Http/Middleware/PreventRequestsDuringMaintenance.php(99): Illuminate\\Pipeline\\Pipeline->Illuminate\\Pipeline\\{closure}()
#53 /home/ecyberco/domains/lipakodi.ecyber.co.ke/public_html/rms/vendor/laravel/framework/src/Illuminate/Pipeline/Pipeline.php(183): Illuminate\\Foundation\\Http\\Middleware\\PreventRequestsDuringMaintenance->handle()
#54 /home/ecyberco/domains/lipakodi.ecyber.co.ke/public_html/rms/vendor/laravel/framework/src/Illuminate/Pipeline/Pipeline.php(119): Illuminate\\Pipeline\\Pipeline->Illuminate\\Pipeline\\{closure}()
#55 /home/ecyberco/domains/lipakodi.ecyber.co.ke/public_html/rms/vendor/laravel/framework/src/Illuminate/Foundation/Http/Kernel.php(175): Illuminate\\Pipeline\\Pipeline->then()
#56 /home/ecyberco/domains/lipakodi.ecyber.co.ke/public_html/rms/vendor/laravel/framework/src/Illuminate/Foundation/Http/Kernel.php(144): Illuminate\\Foundation\\Http\\Kernel->sendRequestThroughRouter()
#57 /home/ecyberco/domains/lipakodi.ecyber.co.ke/public_html/rms/public/index.php(36): Illuminate\\Foundation\\Http\\Kernel->handle()
#58 {main}

[previous exception] [object] (PDOException(code: 42S22): SQLSTATE[42S22]: Column not found: 1054 Unknown column 'on_notice' in 'WHERE' at /home/ecyberco/domains/lipakodi.ecyber.co.ke/public_html/rms/vendor/laravel/framework/src/Illuminate/Database/Connection.php:423)
[stacktrace]
#0 /home/ecyberco/domains/lipakodi.ecyber.co.ke/public_html/rms/vendor/laravel/framework/src/Illuminate/Database/Connection.php(423): PDO->prepare()
#1 /home/ecyberco/domains/lipakodi.ecyber.co.ke/public_html/rms/vendor/laravel/framework/src/Illuminate/Database/Connection.php(816): Illuminate\\Database\\Connection->Illuminate\\Database\\{closure}()
#2 /home/ecyberco/domains/lipakodi.ecyber.co.ke/public_html/rms/vendor/laravel/framework/src/Illuminate/Database/Connection.php(783): Illuminate\\Database\\Connection->runQueryCallback()
#3 /home/ecyberco/domains/lipakodi.ecyber.co.ke/public_html/rms/vendor/laravel/framework/src/Illuminate/Database/Connection.php(414): Illuminate\\Database\\Connection->run()
#4 /home/ecyberco/domains/lipakodi.ecyber.co.ke/public_html/rms/vendor/laravel/framework/src/Illuminate/Database/Query/Builder.php(2913): Illuminate\\Database\\Connection->select()
#5 /home/ecyberco/domains/lipakodi.ecyber.co.ke/public_html/rms/vendor/laravel/framework/src/Illuminate/Database/Query/Builder.php(2902): Illuminate\\Database\\Query\\Builder->runSelect()
#6 /home/ecyberco/domains/lipakodi.ecyber.co.ke/public_html/rms/vendor/laravel/framework/src/Illuminate/Database/Query/Builder.php(3456): Illuminate\\Database\\Query\\Builder->Illuminate\\Database\\Query\\{closure}()
#7 /home/ecyberco/domains/lipakodi.ecyber.co.ke/public_html/rms/vendor/laravel/framework/src/Illuminate/Database/Query/Builder.php(2901): Illuminate\\Database\\Query\\Builder->onceWithColumns()
#8 /home/ecyberco/domains/lipakodi.ecyber.co.ke/public_html/rms/vendor/laravel/framework/src/Illuminate/Database/Query/Builder.php(3383): Illuminate\\Database\\Query\\Builder->get()
#9 /home/ecyberco/domains/lipakodi.ecyber.co.ke/public_html/rms/vendor/laravel/framework/src/Illuminate/Database/Query/Builder.php(3311): Illuminate\\Database\\Query\\Builder->aggregate()
#10 /home/ecyberco/domains/lipakodi.ecyber.co.ke/public_html/rms/vendor/laravel/framework/src/Illuminate/Database/Eloquent/Builder.php(1982): Illuminate\\Database\\Query\\Builder->count()
#11 /home/ecyberco/domains/lipakodi.ecyber.co.ke/public_html/rms/app/Http/Controllers/Landlord/LandlordDashboardController.php(44): Illuminate\\Database\\Eloquent\\Builder->__call()
#12 /home/ecyberco/domains/lipakodi.ecyber.co.ke/public_html/rms/vendor/laravel/framework/src/Illuminate/Routing/Controller.php(54): App\\Http\\Controllers\\Landlord\\LandlordDashboardController->index()
#13 /home/ecyberco/domains/lipakodi.ecyber.co.ke/public_html/rms/vendor/laravel/framework/src/Illuminate/Routing/ControllerDispatcher.php(43): Illuminate\\Routing\\Controller->callAction()
#14 /home/ecyberco/domains/lipakodi.ecyber.co.ke/public_html/rms/vendor/laravel/framework/src/Illuminate/Routing/Route.php(259): Illuminate\\Routing\\ControllerDispatcher->dispatch()
#15 /home/ecyberco/domains/lipakodi.ecyber.co.ke/public_html/rms/vendor/laravel/framework/src/Illuminate/Routing/Route.php(205): Illuminate\\Routing\\Route->runController()
#16 /home/ecyberco/domains/lipakodi.ecyber.co.ke/public_html/rms/vendor/laravel/framework/src/Illuminate/Routing/Router.php(806): Illuminate\\Routing\\Route->run()
#17 /home/ecyberco/domains/lipakodi.ecyber.co.ke/public_html/rms/vendor/laravel/framework/src/Illuminate/Pipeline/Pipeline.php(144): Illuminate\\Routing\\Router->Illuminate\\Routing\\{closure}()
#18 /home/ecyberco/domains/lipakodi.ecyber.co.ke/public_html/rms/vendor/laravel/framework/src/Illuminate/Routing/Middleware/SubstituteBindings.php(50): Illuminate\\Pipeline\\Pipeline->Illuminate\\Pipeline\\{closure}()
#19 /home/ecyberco/domains/lipakodi.ecyber.co.ke/public_html/rms/vendor/laravel/framework/src/Illuminate/Pipeline/Pipeline.php(183): Illuminate\\Routing\\Middleware\\SubstituteBindings->handle()
#20 /home/ecyberco/domains/lipakodi.ecyber.co.ke/public_html/rms/vendor/laravel/framework/src/Illuminate/Auth/Middleware/Authenticate.php(57): Illuminate\\Pipeline\\Pipeline->Illuminate\\Pipeline\\{closure}()
#21 /home/ecyberco/domains/lipakodi.ecyber.co.ke/public_html/rms/vendor/laravel/framework/src/Illuminate/Pipeline/Pipeline.php(183): Illuminate\\Auth\\Middleware\\Authenticate->handle()
#22 /home/ecyberco/domains/lipakodi.ecyber.co.ke/public_html/rms/vendor/laravel/framework/src/Illuminate/Foundation/Http/Middleware/VerifyCsrfToken.php(78): Illuminate\\Pipeline\\Pipeline->Illuminate\\Pipeline\\{closure}()
#23 /home/ecyberco/domains/lipakodi.ecyber.co.ke/public_html/rms/vendor/laravel/framework/src/Illuminate/Pipeline/Pipeline.php(183): Illuminate\\Foundation\\Http\\Middleware\\VerifyCsrfToken->handle()
#24 /home/ecyberco/domains/lipakodi.ecyber.co.ke/public_html/rms/vendor/laravel/framework/src/Illuminate/View/Middleware/ShareErrorsFromSession.php(49): Illuminate\\Pipeline\\Pipeline->Illuminate\\Pipeline\\{closure}()
#25 /home/ecyberco/domains/lipakodi.ecyber.co.ke/public_html/rms/vendor/laravel/framework/src/Illuminate/Pipeline/Pipeline.php(183): Illuminate\\View\\Middleware\\ShareErrorsFromSession->handle()
#26 /home/ecyberco/domains/lipakodi.ecyber.co.ke/public_html/rms/vendor/laravel/framework/src/Illuminate/Session/Middleware/StartSession.php(121): Illuminate\\Pipeline\\Pipeline->Illuminate\\Pipeline\\{closure}()
#27 /home/ecyberco/domains/lipakodi.ecyber.co.ke/public_html/rms/vendor/laravel/framework/src/Illuminate/Session/Middleware/StartSession.php(64): Illuminate\\Session\\Middleware\\StartSession->handleStatefulRequest()
#28 /home/ecyberco/domains/lipakodi.ecyber.co.ke/public_html/rms/vendor/laravel/framework/src/Illuminate/Pipeline/Pipeline.php(183): Illuminate\\Session\\Middleware\\StartSession->handle()
#29 /home/ecyberco/domains/lipakodi.ecyber.co.ke/public_html/rms/vendor/laravel/framework/src/Illuminate/Cookie/Middleware/AddQueuedCookiesToResponse.php(37): Illuminate\\Pipeline\\Pipeline->Illuminate\\Pipeline\\{closure}()
#30 /home/ecyberco/domains/lipakodi.ecyber.co.ke/public_html/rms/vendor/laravel/framework/src/Illuminate/Pipeline/Pipeline.php(183): Illuminate\\Cookie\\Middleware\\AddQueuedCookiesToResponse->handle()
#31 /home/ecyberco/domains/lipakodi.ecyber.co.ke/public_html/rms/vendor/laravel/framework/src/Illuminate/Cookie/Middleware/EncryptCookies.php(67): Illuminate\\Pipeline\\Pipeline->Illuminate\\Pipeline\\{closure}()
#32 /home/ecyberco/domains/lipakodi.ecyber.co.ke/public_html/rms/vendor/laravel/framework/src/Illuminate/Pipeline/Pipeline.php(183): Illuminate\\Cookie\\Middleware\\EncryptCookies->handle()
#33 /home/ecyberco/domains/lipakodi.ecyber.co.ke/public_html/rms/vendor/laravel/framework/src/Illuminate/Pipeline/Pipeline.php(119): Illuminate\\Pipeline\\Pipeline->Illuminate\\Pipeline\\{closure}()
#34 /home/ecyberco/domains/lipakodi.ecyber.co.ke/public_html/rms/vendor/laravel/framework/src/Illuminate/Routing/Router.php(805): Illuminate\\Pipeline\\Pipeline->then()
#35 /home/ecyberco/domains/lipakodi.ecyber.co.ke/public_html/rms/vendor/laravel/framework/src/Illuminate/Routing/Router.php(784): Illuminate\\Routing\\Router->runRouteWithinStack()
#36 /home/ecyberco/domains/lipakodi.ecyber.co.ke/public_html/rms/vendor/laravel/framework/src/Illuminate/Routing/Router.php(748): Illuminate\\Routing\\Router->runRoute()
#37 /home/ecyberco/domains/lipakodi.ecyber.co.ke/public_html/rms/vendor/laravel/framework/src/Illuminate/Routing/Router.php(737): Illuminate\\Routing\\Router->dispatchToRoute()
#38 /home/ecyberco/domains/lipakodi.ecyber.co.ke/public_html/rms/vendor/laravel/framework/src/Illuminate/Foundation/Http/Kernel.php(200): Illuminate\\Routing\\Router->dispatch()
#39 /home/ecyberco/domains/lipakodi.ecyber.co.ke/public_html/rms/vendor/laravel/framework/src/Illuminate/Pipeline/Pipeline.php(144): Illuminate\\Foundation\\Http\\Kernel->Illuminate\\Foundation\\Http\\{closure}()
#40 /home/ecyberco/domains/lipakodi.ecyber.co.ke/public_html/rms/app/Http/Middleware/OrgScopeMiddleware.php(17): Illuminate\\Pipeline\\Pipeline->Illuminate\\Pipeline\\{closure}()
#41 /home/ecyberco/domains/lipakodi.ecyber.co.ke/public_html/rms/vendor/laravel/framework/src/Illuminate/Pipeline/Pipeline.php(183): App\\Http\\Middleware\\OrgScopeMiddleware->handle()
#42 /home/ecyberco/domains/lipakodi.ecyber.co.ke/public_html/rms/app/Http/Middleware/SubdomainMiddleware.php(81): Illuminate\\Pipeline\\Pipeline->Illuminate\\Pipeline\\{closure}()
#43 /home/ecyberco/domains/lipakodi.ecyber.co.ke/public_html/rms/vendor/laravel/framework/src/Illuminate/Pipeline/Pipeline.php(183): App\\Http\\Middleware\\SubdomainMiddleware->handle()
#44 /home/ecyberco/domains/lipakodi.ecyber.co.ke/public_html/rms/vendor/laravel/framework/src/Illuminate/Http/Middleware/TrustProxies.php(39): Illuminate\\Pipeline\\Pipeline->Illuminate\\Pipeline\\{closure}()
#45 /home/ecyberco/domains/lipakodi.ecyber.co.ke/public_html/rms/vendor/laravel/framework/src/Illuminate/Pipeline/Pipeline.php(183): Illuminate\\Http\\Middleware\\TrustProxies->handle()
#46 /home/ecyberco/domains/lipakodi.ecyber.co.ke/public_html/rms/vendor/laravel/framework/src/Illuminate/Foundation/Http/Middleware/TransformsRequest.php(21): Illuminate\\Pipeline\\Pipeline->Illuminate\\Pipeline\\{closure}()
#47 /home/ecyberco/domains/lipakodi.ecyber.co.ke/public_html/rms/vendor/laravel/framework/src/Illuminate/Foundation/Http/Middleware/ConvertEmptyStringsToNull.php(31): Illuminate\\Foundation\\Http\\Middleware\\TransformsRequest->handle()
#48 /home/ecyberco/domains/lipakodi.ecyber.co.ke/public_html/rms/vendor/laravel/framework/src/Illuminate/Pipeline/Pipeline.php(183): Illuminate\\Foundation\\Http\\Middleware\\ConvertEmptyStringsToNull->handle()
#49 /home/ecyberco/domains/lipakodi.ecyber.co.ke/public_html/rms/vendor/laravel/framework/src/Illuminate/Foundation/Http/Middleware/TransformsRequest.php(21): Illuminate\\Pipeline\\Pipeline->Illuminate\\Pipeline\\{closure}()
#50 /home/ecyberco/domains/lipakodi.ecyber.co.ke/public_html/rms/vendor/laravel/framework/src/Illuminate/Foundation/Http/Middleware/TrimStrings.php(40): Illuminate\\Foundation\\Http\\Middleware\\TransformsRequest->handle()
#51 /home/ecyberco/domains/lipakodi.ecyber.co.ke/public_html/rms/vendor/laravel/framework/src/Illuminate/Pipeline/Pipeline.php(183): Illuminate\\Foundation\\Http\\Middleware\\TrimStrings->handle()
#52 /home/ecyberco/domains/lipakodi.ecyber.co.ke/public_html/rms/vendor/laravel/framework/src/Illuminate/Foundation/Http/Middleware/ValidatePostSize.php(27): Illuminate\\Pipeline\\Pipeline->Illuminate\\Pipeline\\{closure}()
#53 /home/ecyberco/domains/lipakodi.ecyber.co.ke/public_html/rms/vendor/laravel/framework/src/Illuminate/Pipeline/Pipeline.php(183): Illuminate\\Foundation\\Http\\Middleware\\ValidatePostSize->handle()
#54 /home/ecyberco/domains/lipakodi.ecyber.co.ke/public_html/rms/vendor/laravel/framework/src/Illuminate/Foundation/Http/Middleware/PreventRequestsDuringMaintenance.php(99): Illuminate\\Pipeline\\Pipeline->Illuminate\\Pipeline\\{closure}()
#55 /home/ecyberco/domains/lipakodi.ecyber.co.ke/public_html/rms/vendor/laravel/framework/src/Illuminate/Pipeline/Pipeline.php(183): Illuminate\\Foundation\\Http\\Middleware\\PreventRequestsDuringMaintenance->handle()
#56 /home/ecyberco/domains/lipakodi.ecyber.co.ke/public_html/rms/vendor/laravel/framework/src/Illuminate/Pipeline/Pipeline.php(119): Illuminate\\Pipeline\\Pipeline->Illuminate\\Pipeline\\{closure}()
#57 /home/ecyberco/domains/lipakodi.ecyber.co.ke/public_html/rms/vendor/laravel/framework/src/Illuminate/Foundation/Http/Kernel.php(175): Illuminate\\Pipeline\\Pipeline->then()
#58 /home/ecyberco/domains/lipakodi.ecyber.co.ke/public_html/rms/vendor/laravel/framework/src/Illuminate/Foundation/Http/Kernel.php(144): Illuminate\\Foundation\\Http\\Kernel->sendRequestThroughRouter()
#59 /home/ecyberco/domains/lipakodi.ecyber.co.ke/public_html/rms/public/index.php(36): Illuminate\\Foundation\\Http\\Kernel->handle()
#60 {main}
"} 
